2014/06/12 22:58:17 [error] [php] date(): It is not safe to rely on the system's timezone settings. You are *required* to use the date.timezone setting or the date_default_timezone_set() function. In case you used any of those methods and you are still getting this warning, you most likely misspelled the timezone identifier. We selected the timezone 'UTC' for now, but please set date.timezone to select your timezone. (/Library/WebServer/Documents/MIT/gps_mit/protected/views/layouts/main.php:51)
Stack trace:
#0 /Library/WebServer/Documents/MIT/gps_mit/yii/framework/web/CBaseController.php(95): SiteController->renderInternal()
#1 /Library/WebServer/Documents/MIT/gps_mit/yii/framework/web/widgets/CContentDecorator.php(76): SiteController->renderFile()
#2 /Library/WebServer/Documents/MIT/gps_mit/yii/framework/web/widgets/CContentDecorator.php(54): CContentDecorator->decorate()
#3 /Library/WebServer/Documents/MIT/gps_mit/yii/framework/web/widgets/COutputProcessor.php(44): CContentDecorator->processOutput()
#4 /Library/WebServer/Documents/MIT/gps_mit/yii/framework/web/CBaseController.php(206): CContentDecorator->run()
#5 /Library/WebServer/Documents/MIT/gps_mit/yii/framework/web/CBaseController.php(300): SiteController->endWidget()
#6 /Library/WebServer/Documents/MIT/gps_mit/protected/views/layouts/column1.php(6): SiteController->endContent()
#7 /Library/WebServer/Documents/MIT/gps_mit/yii/framework/web/CBaseController.php(126): require()
#8 /Library/WebServer/Documents/MIT/gps_mit/yii/framework/web/CBaseController.php(95): SiteController->renderInternal()
#9 /Library/WebServer/Documents/MIT/gps_mit/yii/framework/web/CController.php(784): SiteController->renderFile()
#10 /Library/WebServer/Documents/MIT/gps_mit/protected/controllers/SiteController.php(32): SiteController->render()
#11 /Library/WebServer/Documents/MIT/gps_mit/yii/framework/web/actions/CInlineAction.php(49): SiteController->actionIndex()
#12 /Library/WebServer/Documents/MIT/gps_mit/yii/framework/web/CController.php(308): CInlineAction->runWithParams()
#13 /Library/WebServer/Documents/MIT/gps_mit/yii/framework/web/CController.php(286): SiteController->runAction()
#14 /Library/WebServer/Documents/MIT/gps_mit/yii/framework/web/CController.php(265): SiteController->runActionWithFilters()
#15 /Library/WebServer/Documents/MIT/gps_mit/yii/framework/web/CWebApplication.php(282): SiteController->run()
#16 /Library/WebServer/Documents/MIT/gps_mit/yii/framework/web/CWebApplication.php(141): CWebApplication->runController()
#17 /Library/WebServer/Documents/MIT/gps_mit/yii/framework/base/CApplication.php(180): CWebApplication->processRequest()
#18 /Library/WebServer/Documents/MIT/gps_mit/index.php(13): CWebApplication->run()
REQUEST_URI=/MIT/gps_mit/
in /Library/WebServer/Documents/MIT/gps_mit/protected/views/layouts/main.php (51)
in /Library/WebServer/Documents/MIT/gps_mit/protected/views/layouts/column1.php (6)
in /Library/WebServer/Documents/MIT/gps_mit/protected/controllers/SiteController.php (32)
2014/06/13 15:04:16 [error] [php] date(): It is not safe to rely on the system's timezone settings. You are *required* to use the date.timezone setting or the date_default_timezone_set() function. In case you used any of those methods and you are still getting this warning, you most likely misspelled the timezone identifier. We selected the timezone 'UTC' for now, but please set date.timezone to select your timezone. (/Library/WebServer/Documents/MIT/gps_mit/protected/views/layouts/main.php:51)
Stack trace:
#0 /Library/WebServer/Documents/MIT/gps_mit/yii/framework/web/CBaseController.php(95): SiteController->renderInternal()
#1 /Library/WebServer/Documents/MIT/gps_mit/yii/framework/web/widgets/CContentDecorator.php(76): SiteController->renderFile()
#2 /Library/WebServer/Documents/MIT/gps_mit/yii/framework/web/widgets/CContentDecorator.php(54): CContentDecorator->decorate()
#3 /Library/WebServer/Documents/MIT/gps_mit/yii/framework/web/widgets/COutputProcessor.php(44): CContentDecorator->processOutput()
#4 /Library/WebServer/Documents/MIT/gps_mit/yii/framework/web/CBaseController.php(206): CContentDecorator->run()
#5 /Library/WebServer/Documents/MIT/gps_mit/yii/framework/web/CBaseController.php(300): SiteController->endWidget()
#6 /Library/WebServer/Documents/MIT/gps_mit/protected/views/layouts/column1.php(6): SiteController->endContent()
#7 /Library/WebServer/Documents/MIT/gps_mit/yii/framework/web/CBaseController.php(126): require()
#8 /Library/WebServer/Documents/MIT/gps_mit/yii/framework/web/CBaseController.php(95): SiteController->renderInternal()
#9 /Library/WebServer/Documents/MIT/gps_mit/yii/framework/web/CController.php(784): SiteController->renderFile()
#10 /Library/WebServer/Documents/MIT/gps_mit/protected/controllers/SiteController.php(32): SiteController->render()
#11 /Library/WebServer/Documents/MIT/gps_mit/yii/framework/web/actions/CInlineAction.php(49): SiteController->actionIndex()
#12 /Library/WebServer/Documents/MIT/gps_mit/yii/framework/web/CController.php(308): CInlineAction->runWithParams()
#13 /Library/WebServer/Documents/MIT/gps_mit/yii/framework/web/CController.php(286): SiteController->runAction()
#14 /Library/WebServer/Documents/MIT/gps_mit/yii/framework/web/CController.php(265): SiteController->runActionWithFilters()
#15 /Library/WebServer/Documents/MIT/gps_mit/yii/framework/web/CWebApplication.php(282): SiteController->run()
#16 /Library/WebServer/Documents/MIT/gps_mit/yii/framework/web/CWebApplication.php(141): CWebApplication->runController()
#17 /Library/WebServer/Documents/MIT/gps_mit/yii/framework/base/CApplication.php(180): CWebApplication->processRequest()
#18 /Library/WebServer/Documents/MIT/gps_mit/index.php(13): CWebApplication->run()
REQUEST_URI=/MIT/gps_mit/
in /Library/WebServer/Documents/MIT/gps_mit/protected/views/layouts/main.php (51)
in /Library/WebServer/Documents/MIT/gps_mit/protected/views/layouts/column1.php (6)
in /Library/WebServer/Documents/MIT/gps_mit/protected/controllers/SiteController.php (32)
2014/06/13 10:22:25 [error] [exception.CHttpException.404] exception 'CHttpException' with message 'Unable to resolve the request "gii".' in /Library/WebServer/Documents/MIT/gps_mit/yii/framework/web/CWebApplication.php:286
Stack trace:
#0 /Library/WebServer/Documents/MIT/gps_mit/yii/framework/web/CWebApplication.php(141): CWebApplication->runController('gii')
#1 /Library/WebServer/Documents/MIT/gps_mit/yii/framework/base/CApplication.php(180): CWebApplication->processRequest()
#2 /Library/WebServer/Documents/MIT/gps_mit/index.php(13): CApplication->run()
#3 {main}
REQUEST_URI=/MIT/gps_mit/index.php?r=gii
---
2014/06/13 10:22:32 [error] [exception.CHttpException.404] exception 'CHttpException' with message 'Unable to resolve the request "giic".' in /Library/WebServer/Documents/MIT/gps_mit/yii/framework/web/CWebApplication.php:286
Stack trace:
#0 /Library/WebServer/Documents/MIT/gps_mit/yii/framework/web/CWebApplication.php(141): CWebApplication->runController('giic')
#1 /Library/WebServer/Documents/MIT/gps_mit/yii/framework/base/CApplication.php(180): CWebApplication->processRequest()
#2 /Library/WebServer/Documents/MIT/gps_mit/index.php(13): CApplication->run()
#3 {main}
REQUEST_URI=/MIT/gps_mit/index.php?r=giic
---
2014/06/13 10:29:44 [error] [exception.CDbException] exception 'CDbException' with message 'CDbConnection failed to open the DB connection: could not find driver' in /Library/WebServer/Documents/MIT/gps_mit/yii/framework/db/CDbConnection.php:382
Stack trace:
#0 /Library/WebServer/Documents/MIT/gps_mit/yii/framework/db/CDbConnection.php(330): CDbConnection->open()
#1 /Library/WebServer/Documents/MIT/gps_mit/yii/framework/db/CDbConnection.php(308): CDbConnection->setActive(true)
#2 /Library/WebServer/Documents/MIT/gps_mit/yii/framework/base/CModule.php(387): CDbConnection->init()
#3 /Library/WebServer/Documents/MIT/gps_mit/yii/framework/base/CModule.php(103): CModule->getComponent('db')
#4 /Library/WebServer/Documents/MIT/gps_mit/yii/framework/gii/generators/model/ModelCode.php(60): CModule->__get('db')
#5 /Library/WebServer/Documents/MIT/gps_mit/yii/framework/web/CFormModel.php(39): ModelCode->init()
#6 /Library/WebServer/Documents/MIT/gps_mit/yii/framework/gii/CCodeGenerator.php(153): CFormModel->__construct()
#7 /Library/WebServer/Documents/MIT/gps_mit/yii/framework/gii/CCodeGenerator.php(63): CCodeGenerator->prepare()
#8 /Library/WebServer/Documents/MIT/gps_mit/yii/framework/web/actions/CInlineAction.php(49): CCodeGenerator->actionIndex()
#9 /Library/WebServer/Documents/MIT/gps_mit/yii/framework/web/CController.php(308): CInlineAction->runWithParams(Array)
#10 /Library/WebServer/Documents/MIT/gps_mit/yii/framework/web/CController.php(286): CController->runAction(Object(CInlineAction))
#11 /Library/WebServer/Documents/MIT/gps_mit/yii/framework/web/CController.php(265): CController->runActionWithFilters(Object(CInlineAction), Array)
#12 /Library/WebServer/Documents/MIT/gps_mit/yii/framework/web/CWebApplication.php(282): CController->run('index')
#13 /Library/WebServer/Documents/MIT/gps_mit/yii/framework/web/CWebApplication.php(141): CWebApplication->runController('gii/model/index')
#14 /Library/WebServer/Documents/MIT/gps_mit/yii/framework/base/CApplication.php(180): CWebApplication->processRequest()
#15 /Library/WebServer/Documents/MIT/gps_mit/index.php(13): CApplication->run()
#16 {main}
REQUEST_URI=/MIT/gps_mit/index.php?r=gii/model/index
HTTP_REFERER=http://localhost/MIT/gps_mit/index.php?r=gii
---
2014/06/13 13:24:50 [error] [exception.CException] exception 'CException' with message 'CAssetManager.basePath "/var/www/MIT/gps_mit/assets" is invalid. Please make sure the directory exists and is writable by the Web server process.' in /var/www/MIT/gps_mit/yii/framework/web/CAssetManager.php:138
Stack trace:
#0 /var/www/MIT/gps_mit/yii/framework/web/CAssetManager.php(123): CAssetManager->setBasePath('/var/www/MIT/gp...')
#1 /var/www/MIT/gps_mit/yii/framework/web/CAssetManager.php(217): CAssetManager->getBasePath()
#2 /var/www/MIT/gps_mit/yii/framework/gii/GiiModule.php(143): CAssetManager->publish('/var/www/MIT/gp...')
#3 /var/www/MIT/gps_mit/yii/framework/base/CComponent.php(111): GiiModule->getAssetsUrl()
#4 /var/www/MIT/gps_mit/yii/framework/base/CModule.php(105): CComponent->__get('assetsUrl')
#5 /var/www/MIT/gps_mit/yii/framework/gii/views/layouts/main.php(5): CModule->__get('assetsUrl')
#6 /var/www/MIT/gps_mit/yii/framework/web/CBaseController.php(126): require('/var/www/MIT/gp...')
#7 /var/www/MIT/gps_mit/yii/framework/web/CBaseController.php(95): CBaseController->renderInternal('/var/www/MIT/gp...', Array, true)
#8 /var/www/MIT/gps_mit/yii/framework/web/widgets/CContentDecorator.php(76): CBaseController->renderFile('/var/www/MIT/gp...', Array, true)
#9 /var/www/MIT/gps_mit/yii/framework/web/widgets/CContentDecorator.php(54): CContentDecorator->decorate('<div class="con...')
#10 /var/www/MIT/gps_mit/yii/framework/web/widgets/COutputProcessor.php(44): CContentDecorator->processOutput('<div class="con...')
#11 /var/www/MIT/gps_mit/yii/framework/web/CBaseController.php(206): COutputProcessor->run()
#12 /var/www/MIT/gps_mit/yii/framework/web/CBaseController.php(300): CBaseController->endWidget('CContentDecorat...')
#13 /var/www/MIT/gps_mit/yii/framework/gii/views/layouts/column1.php(7): CBaseController->endContent()
#14 /var/www/MIT/gps_mit/yii/framework/web/CBaseController.php(126): require('/var/www/MIT/gp...')
#15 /var/www/MIT/gps_mit/yii/framework/web/CBaseController.php(95): CBaseController->renderInternal('/var/www/MIT/gp...', Array, true)
#16 /var/www/MIT/gps_mit/yii/framework/web/CController.php(784): CBaseController->renderFile('/var/www/MIT/gp...', Array, true)
#17 /var/www/MIT/gps_mit/yii/framework/gii/controllers/DefaultController.php(47): CController->render('login', Array)
#18 /var/www/MIT/gps_mit/yii/framework/web/actions/CInlineAction.php(49): DefaultController->actionLogin()
#19 /var/www/MIT/gps_mit/yii/framework/web/CController.php(308): CInlineAction->runWithParams(Array)
#20 /var/www/MIT/gps_mit/yii/framework/web/CController.php(286): CController->runAction(Object(CInlineAction))
#21 /var/www/MIT/gps_mit/yii/framework/web/CController.php(265): CController->runActionWithFilters(Object(CInlineAction), Array)
#22 /var/www/MIT/gps_mit/yii/framework/web/CWebApplication.php(282): CController->run('login')
#23 /var/www/MIT/gps_mit/yii/framework/web/CWebApplication.php(141): CWebApplication->runController('gii/default/log...')
#24 /var/www/MIT/gps_mit/yii/framework/base/CApplication.php(180): CWebApplication->processRequest()
#25 /var/www/MIT/gps_mit/index.php(13): CApplication->run()
#26 {main}
REQUEST_URI=/MIT/gps_mit/index.php?r=gii/default/login
---
2014/06/20 16:11:29 [error] [php] Undefined variable: dataProvider (/var/www/MIT/gps_mit/front/protected/views/token/index.php:25)
Stack trace:
#0 /var/www/MIT/gps_mit/front/yii/framework/web/CController.php(869): TokenController->renderFile()
#1 /var/www/MIT/gps_mit/front/yii/framework/web/CController.php(782): TokenController->renderPartial()
#2 /var/www/MIT/gps_mit/front/protected/controllers/TokenController.php(343): TokenController->render()
#3 /var/www/MIT/gps_mit/front/yii/framework/web/actions/CInlineAction.php(49): TokenController->actionIndex()
#4 /var/www/MIT/gps_mit/front/yii/framework/web/CController.php(308): CInlineAction->runWithParams()
#5 /var/www/MIT/gps_mit/front/yii/framework/web/filters/CFilterChain.php(133): TokenController->runAction()
#6 /var/www/MIT/gps_mit/front/yii/framework/web/filters/CFilter.php(40): CFilterChain->run()
#7 /var/www/MIT/gps_mit/front/yii/framework/web/CController.php(1145): CAccessControlFilter->filter()
#8 /var/www/MIT/gps_mit/front/yii/framework/web/filters/CInlineFilter.php(58): TokenController->filterAccessControl()
#9 /var/www/MIT/gps_mit/front/yii/framework/web/filters/CFilterChain.php(130): CInlineFilter->filter()
#10 /var/www/MIT/gps_mit/front/yii/framework/web/CController.php(291): CFilterChain->run()
#11 /var/www/MIT/gps_mit/front/yii/framework/web/CController.php(265): TokenController->runActionWithFilters()
#12 /var/www/MIT/gps_mit/front/yii/framework/web/CWebApplication.php(282): TokenController->run()
#13 /var/www/MIT/gps_mit/front/yii/framework/web/CWebApplication.php(141): CWebApplication->runController()
#14 /var/www/MIT/gps_mit/front/yii/framework/base/CApplication.php(180): CWebApplication->processRequest()
#15 /var/www/MIT/gps_mit/front/index.php(13): CWebApplication->run()
REQUEST_URI=/MIT/gps_mit/front/index.php?r=token/index
in /var/www/MIT/gps_mit/front/protected/views/token/index.php (25)
in /var/www/MIT/gps_mit/front/protected/controllers/TokenController.php (343)
in /var/www/MIT/gps_mit/front/index.php (13)
2014/06/20 16:48:47 [error] [php] Undefined variable: polylineCoordinates (/var/www/MIT/gps_mit/front/protected/controllers/TokenController.php:262)
Stack trace:
#0 /var/www/MIT/gps_mit/front/yii/framework/web/filters/CFilterChain.php(133): TokenController->runAction()
#1 /var/www/MIT/gps_mit/front/yii/framework/web/filters/CFilter.php(40): CFilterChain->run()
#2 /var/www/MIT/gps_mit/front/yii/framework/web/CController.php(1145): CAccessControlFilter->filter()
#3 /var/www/MIT/gps_mit/front/yii/framework/web/filters/CInlineFilter.php(58): TokenController->filterAccessControl()
#4 /var/www/MIT/gps_mit/front/yii/framework/web/filters/CFilterChain.php(130): CInlineFilter->filter()
#5 /var/www/MIT/gps_mit/front/yii/framework/web/CController.php(291): CFilterChain->run()
#6 /var/www/MIT/gps_mit/front/yii/framework/web/CController.php(265): TokenController->runActionWithFilters()
#7 /var/www/MIT/gps_mit/front/yii/framework/web/CWebApplication.php(282): TokenController->run()
#8 /var/www/MIT/gps_mit/front/yii/framework/web/CWebApplication.php(141): CWebApplication->runController()
#9 /var/www/MIT/gps_mit/front/yii/framework/base/CApplication.php(180): CWebApplication->processRequest()
#10 /var/www/MIT/gps_mit/front/index.php(13): CWebApplication->run()
REQUEST_URI=/MIT/gps_mit/front/index.php?r=token/index
in /var/www/MIT/gps_mit/front/protected/controllers/TokenController.php (262)
in /var/www/MIT/gps_mit/front/index.php (13)
2014/06/22 11:52:52 [error] [exception.CException] exception 'CException' with message 'Property "CDbCriteria.0" is not defined.' in /var/www/MIT/gps_mit/front/yii/framework/base/CComponent.php:173
Stack trace:
#0 /var/www/MIT/gps_mit/front/yii/framework/db/schema/CDbCriteria.php(160): CComponent->__set('0', 'datetime BETWEE...')
#1 /var/www/MIT/gps_mit/front/yii/framework/db/schema/CDbCommandBuilder.php(585): CDbCriteria->__construct(Array)
#2 /var/www/MIT/gps_mit/front/yii/framework/db/ar/CActiveRecord.php(1469): CDbCommandBuilder->createCriteria(Array, Array)
#3 /var/www/MIT/gps_mit/front/protected/controllers/TokenController.php(125): CActiveRecord->findAll(Array)
#4 /var/www/MIT/gps_mit/front/yii/framework/web/actions/CInlineAction.php(49): TokenController->actionIndex()
#5 /var/www/MIT/gps_mit/front/yii/framework/web/CController.php(308): CInlineAction->runWithParams(Array)
#6 /var/www/MIT/gps_mit/front/yii/framework/web/filters/CFilterChain.php(133): CController->runAction(Object(CInlineAction))
#7 /var/www/MIT/gps_mit/front/yii/framework/web/filters/CFilter.php(40): CFilterChain->run()
#8 /var/www/MIT/gps_mit/front/yii/framework/web/CController.php(1145): CFilter->filter(Object(CFilterChain))
#9 /var/www/MIT/gps_mit/front/yii/framework/web/filters/CInlineFilter.php(58): CController->filterAccessControl(Object(CFilterChain))
#10 /var/www/MIT/gps_mit/front/yii/framework/web/filters/CFilterChain.php(130): CInlineFilter->filter(Object(CFilterChain))
#11 /var/www/MIT/gps_mit/front/yii/framework/web/CController.php(291): CFilterChain->run()
#12 /var/www/MIT/gps_mit/front/yii/framework/web/CController.php(265): CController->runActionWithFilters(Object(CInlineAction), Array)
#13 /var/www/MIT/gps_mit/front/yii/framework/web/CWebApplication.php(282): CController->run('index')
#14 /var/www/MIT/gps_mit/front/yii/framework/web/CWebApplication.php(141): CWebApplication->runController('token/index')
#15 /var/www/MIT/gps_mit/front/yii/framework/base/CApplication.php(180): CWebApplication->processRequest()
#16 /var/www/MIT/gps_mit/front/index.php(13): CApplication->run()
#17 {main}
REQUEST_URI=/MIT/gps_mit/front/index.php?r=token/index
HTTP_REFERER=http://localhost/MIT/gps_mit/front/index.php
---
2014/06/22 11:53:18 [error] [exception.CException] exception 'CException' with message 'Property "CDbCriteria.0" is not defined.' in /var/www/MIT/gps_mit/front/yii/framework/base/CComponent.php:173
Stack trace:
#0 /var/www/MIT/gps_mit/front/yii/framework/db/schema/CDbCriteria.php(160): CComponent->__set('0', 'datetime BETWEE...')
#1 /var/www/MIT/gps_mit/front/yii/framework/db/schema/CDbCommandBuilder.php(585): CDbCriteria->__construct(Array)
#2 /var/www/MIT/gps_mit/front/yii/framework/db/ar/CActiveRecord.php(1469): CDbCommandBuilder->createCriteria(Array, Array)
#3 /var/www/MIT/gps_mit/front/protected/controllers/TokenController.php(125): CActiveRecord->findAll(Array)
#4 /var/www/MIT/gps_mit/front/yii/framework/web/actions/CInlineAction.php(49): TokenController->actionIndex()
#5 /var/www/MIT/gps_mit/front/yii/framework/web/CController.php(308): CInlineAction->runWithParams(Array)
#6 /var/www/MIT/gps_mit/front/yii/framework/web/filters/CFilterChain.php(133): CController->runAction(Object(CInlineAction))
#7 /var/www/MIT/gps_mit/front/yii/framework/web/filters/CFilter.php(40): CFilterChain->run()
#8 /var/www/MIT/gps_mit/front/yii/framework/web/CController.php(1145): CFilter->filter(Object(CFilterChain))
#9 /var/www/MIT/gps_mit/front/yii/framework/web/filters/CInlineFilter.php(58): CController->filterAccessControl(Object(CFilterChain))
#10 /var/www/MIT/gps_mit/front/yii/framework/web/filters/CFilterChain.php(130): CInlineFilter->filter(Object(CFilterChain))
#11 /var/www/MIT/gps_mit/front/yii/framework/web/CController.php(291): CFilterChain->run()
#12 /var/www/MIT/gps_mit/front/yii/framework/web/CController.php(265): CController->runActionWithFilters(Object(CInlineAction), Array)
#13 /var/www/MIT/gps_mit/front/yii/framework/web/CWebApplication.php(282): CController->run('index')
#14 /var/www/MIT/gps_mit/front/yii/framework/web/CWebApplication.php(141): CWebApplication->runController('token/index')
#15 /var/www/MIT/gps_mit/front/yii/framework/base/CApplication.php(180): CWebApplication->processRequest()
#16 /var/www/MIT/gps_mit/front/index.php(13): CApplication->run()
#17 {main}
REQUEST_URI=/MIT/gps_mit/front/index.php?r=token/index
HTTP_REFERER=http://localhost/MIT/gps_mit/front/index.php
---
2014/06/22 12:14:42 [error] [php] Undefined variable: sample (/var/www/MIT/gps_mit/front/protected/controllers/TokenController.php:136)
Stack trace:
#0 /var/www/MIT/gps_mit/front/yii/framework/web/filters/CFilterChain.php(133): TokenController->runAction()
#1 /var/www/MIT/gps_mit/front/yii/framework/web/filters/CFilter.php(40): CFilterChain->run()
#2 /var/www/MIT/gps_mit/front/yii/framework/web/CController.php(1145): CAccessControlFilter->filter()
#3 /var/www/MIT/gps_mit/front/yii/framework/web/filters/CInlineFilter.php(58): TokenController->filterAccessControl()
#4 /var/www/MIT/gps_mit/front/yii/framework/web/filters/CFilterChain.php(130): CInlineFilter->filter()
#5 /var/www/MIT/gps_mit/front/yii/framework/web/CController.php(291): CFilterChain->run()
#6 /var/www/MIT/gps_mit/front/yii/framework/web/CController.php(265): TokenController->runActionWithFilters()
#7 /var/www/MIT/gps_mit/front/yii/framework/web/CWebApplication.php(282): TokenController->run()
#8 /var/www/MIT/gps_mit/front/yii/framework/web/CWebApplication.php(141): CWebApplication->runController()
#9 /var/www/MIT/gps_mit/front/yii/framework/base/CApplication.php(180): CWebApplication->processRequest()
#10 /var/www/MIT/gps_mit/front/index.php(13): CWebApplication->run()
REQUEST_URI=/MIT/gps_mit/front/index.php?r=token/index
in /var/www/MIT/gps_mit/front/protected/controllers/TokenController.php (136)
in /var/www/MIT/gps_mit/front/index.php (13)
2014/06/22 12:14:56 [error] [php] Undefined offset: 0 (/var/www/MIT/gps_mit/front/protected/controllers/TokenController.php:136)
Stack trace:
#0 /var/www/MIT/gps_mit/front/yii/framework/web/filters/CFilterChain.php(133): TokenController->runAction()
#1 /var/www/MIT/gps_mit/front/yii/framework/web/filters/CFilter.php(40): CFilterChain->run()
#2 /var/www/MIT/gps_mit/front/yii/framework/web/CController.php(1145): CAccessControlFilter->filter()
#3 /var/www/MIT/gps_mit/front/yii/framework/web/filters/CInlineFilter.php(58): TokenController->filterAccessControl()
#4 /var/www/MIT/gps_mit/front/yii/framework/web/filters/CFilterChain.php(130): CInlineFilter->filter()
#5 /var/www/MIT/gps_mit/front/yii/framework/web/CController.php(291): CFilterChain->run()
#6 /var/www/MIT/gps_mit/front/yii/framework/web/CController.php(265): TokenController->runActionWithFilters()
#7 /var/www/MIT/gps_mit/front/yii/framework/web/CWebApplication.php(282): TokenController->run()
#8 /var/www/MIT/gps_mit/front/yii/framework/web/CWebApplication.php(141): CWebApplication->runController()
#9 /var/www/MIT/gps_mit/front/yii/framework/base/CApplication.php(180): CWebApplication->processRequest()
#10 /var/www/MIT/gps_mit/front/index.php(13): CWebApplication->run()
REQUEST_URI=/MIT/gps_mit/front/index.php?r=token/index
in /var/www/MIT/gps_mit/front/protected/controllers/TokenController.php (136)
in /var/www/MIT/gps_mit/front/index.php (13)
2014/06/22 12:16:01 [error] [exception.CException] exception 'CException' with message 'Property "Sample.longitud" is not defined.' in /var/www/MIT/gps_mit/front/yii/framework/base/CComponent.php:130
Stack trace:
#0 /var/www/MIT/gps_mit/front/yii/framework/db/ar/CActiveRecord.php(145): CComponent->__get('longitud')
#1 /var/www/MIT/gps_mit/front/protected/controllers/TokenController.php(136): CActiveRecord->__get('longitud')
#2 /var/www/MIT/gps_mit/front/yii/framework/web/actions/CInlineAction.php(49): TokenController->actionIndex()
#3 /var/www/MIT/gps_mit/front/yii/framework/web/CController.php(308): CInlineAction->runWithParams(Array)
#4 /var/www/MIT/gps_mit/front/yii/framework/web/filters/CFilterChain.php(133): CController->runAction(Object(CInlineAction))
#5 /var/www/MIT/gps_mit/front/yii/framework/web/filters/CFilter.php(40): CFilterChain->run()
#6 /var/www/MIT/gps_mit/front/yii/framework/web/CController.php(1145): CFilter->filter(Object(CFilterChain))
#7 /var/www/MIT/gps_mit/front/yii/framework/web/filters/CInlineFilter.php(58): CController->filterAccessControl(Object(CFilterChain))
#8 /var/www/MIT/gps_mit/front/yii/framework/web/filters/CFilterChain.php(130): CInlineFilter->filter(Object(CFilterChain))
#9 /var/www/MIT/gps_mit/front/yii/framework/web/CController.php(291): CFilterChain->run()
#10 /var/www/MIT/gps_mit/front/yii/framework/web/CController.php(265): CController->runActionWithFilters(Object(CInlineAction), Array)
#11 /var/www/MIT/gps_mit/front/yii/framework/web/CWebApplication.php(282): CController->run('index')
#12 /var/www/MIT/gps_mit/front/yii/framework/web/CWebApplication.php(141): CWebApplication->runController('token/index')
#13 /var/www/MIT/gps_mit/front/yii/framework/base/CApplication.php(180): CWebApplication->processRequest()
#14 /var/www/MIT/gps_mit/front/index.php(13): CApplication->run()
#15 {main}
REQUEST_URI=/MIT/gps_mit/front/index.php?r=token/index
HTTP_REFERER=http://localhost/MIT/gps_mit/front/index.php
---
2014/06/23 09:30:51 [error] [php] Undefined offset: 0 (/var/www/MIT/gps_mit/front/protected/controllers/TokenController.php:149)
Stack trace:
#0 /var/www/MIT/gps_mit/front/yii/framework/web/filters/CFilterChain.php(133): TokenController->runAction()
#1 /var/www/MIT/gps_mit/front/yii/framework/web/filters/CFilter.php(40): CFilterChain->run()
#2 /var/www/MIT/gps_mit/front/yii/framework/web/CController.php(1145): CAccessControlFilter->filter()
#3 /var/www/MIT/gps_mit/front/yii/framework/web/filters/CInlineFilter.php(58): TokenController->filterAccessControl()
#4 /var/www/MIT/gps_mit/front/yii/framework/web/filters/CFilterChain.php(130): CInlineFilter->filter()
#5 /var/www/MIT/gps_mit/front/yii/framework/web/CController.php(291): CFilterChain->run()
#6 /var/www/MIT/gps_mit/front/yii/framework/web/CController.php(265): TokenController->runActionWithFilters()
#7 /var/www/MIT/gps_mit/front/yii/framework/web/CWebApplication.php(282): TokenController->run()
#8 /var/www/MIT/gps_mit/front/yii/framework/web/CWebApplication.php(141): CWebApplication->runController()
#9 /var/www/MIT/gps_mit/front/yii/framework/base/CApplication.php(180): CWebApplication->processRequest()
#10 /var/www/MIT/gps_mit/front/index.php(13): CWebApplication->run()
REQUEST_URI=/MIT/gps_mit/front/index.php?r=token/index
in /var/www/MIT/gps_mit/front/protected/controllers/TokenController.php (149)
in /var/www/MIT/gps_mit/front/index.php (13)
2014/06/23 09:31:33 [error] [php] Undefined offset: 0 (/var/www/MIT/gps_mit/front/protected/controllers/TokenController.php:149)
Stack trace:
#0 /var/www/MIT/gps_mit/front/yii/framework/web/filters/CFilterChain.php(133): TokenController->runAction()
#1 /var/www/MIT/gps_mit/front/yii/framework/web/filters/CFilter.php(40): CFilterChain->run()
#2 /var/www/MIT/gps_mit/front/yii/framework/web/CController.php(1145): CAccessControlFilter->filter()
#3 /var/www/MIT/gps_mit/front/yii/framework/web/filters/CInlineFilter.php(58): TokenController->filterAccessControl()
#4 /var/www/MIT/gps_mit/front/yii/framework/web/filters/CFilterChain.php(130): CInlineFilter->filter()
#5 /var/www/MIT/gps_mit/front/yii/framework/web/CController.php(291): CFilterChain->run()
#6 /var/www/MIT/gps_mit/front/yii/framework/web/CController.php(265): TokenController->runActionWithFilters()
#7 /var/www/MIT/gps_mit/front/yii/framework/web/CWebApplication.php(282): TokenController->run()
#8 /var/www/MIT/gps_mit/front/yii/framework/web/CWebApplication.php(141): CWebApplication->runController()
#9 /var/www/MIT/gps_mit/front/yii/framework/base/CApplication.php(180): CWebApplication->processRequest()
#10 /var/www/MIT/gps_mit/front/index.php(13): CWebApplication->run()
REQUEST_URI=/MIT/gps_mit/front/index.php?r=token/index
in /var/www/MIT/gps_mit/front/protected/controllers/TokenController.php (149)
in /var/www/MIT/gps_mit/front/index.php (13)
2014/06/23 09:32:08 [error] [php] Undefined offset: 0 (/var/www/MIT/gps_mit/front/protected/controllers/TokenController.php:149)
Stack trace:
#0 /var/www/MIT/gps_mit/front/yii/framework/web/filters/CFilterChain.php(133): TokenController->runAction()
#1 /var/www/MIT/gps_mit/front/yii/framework/web/filters/CFilter.php(40): CFilterChain->run()
#2 /var/www/MIT/gps_mit/front/yii/framework/web/CController.php(1145): CAccessControlFilter->filter()
#3 /var/www/MIT/gps_mit/front/yii/framework/web/filters/CInlineFilter.php(58): TokenController->filterAccessControl()
#4 /var/www/MIT/gps_mit/front/yii/framework/web/filters/CFilterChain.php(130): CInlineFilter->filter()
#5 /var/www/MIT/gps_mit/front/yii/framework/web/CController.php(291): CFilterChain->run()
#6 /var/www/MIT/gps_mit/front/yii/framework/web/CController.php(265): TokenController->runActionWithFilters()
#7 /var/www/MIT/gps_mit/front/yii/framework/web/CWebApplication.php(282): TokenController->run()
#8 /var/www/MIT/gps_mit/front/yii/framework/web/CWebApplication.php(141): CWebApplication->runController()
#9 /var/www/MIT/gps_mit/front/yii/framework/base/CApplication.php(180): CWebApplication->processRequest()
#10 /var/www/MIT/gps_mit/front/index.php(13): CWebApplication->run()
REQUEST_URI=/MIT/gps_mit/front/index.php?r=token/index
in /var/www/MIT/gps_mit/front/protected/controllers/TokenController.php (149)
in /var/www/MIT/gps_mit/front/index.php (13)
2014/06/23 12:03:47 [error] [php] Undefined variable: GET (/var/www/MIT/gps_mit/front/protected/controllers/TokenController.php:163)
Stack trace:
#0 /var/www/MIT/gps_mit/front/yii/framework/web/filters/CFilterChain.php(133): TokenController->runAction()
#1 /var/www/MIT/gps_mit/front/yii/framework/web/filters/CFilter.php(40): CFilterChain->run()
#2 /var/www/MIT/gps_mit/front/yii/framework/web/CController.php(1145): CAccessControlFilter->filter()
#3 /var/www/MIT/gps_mit/front/yii/framework/web/filters/CInlineFilter.php(58): TokenController->filterAccessControl()
#4 /var/www/MIT/gps_mit/front/yii/framework/web/filters/CFilterChain.php(130): CInlineFilter->filter()
#5 /var/www/MIT/gps_mit/front/yii/framework/web/CController.php(291): CFilterChain->run()
#6 /var/www/MIT/gps_mit/front/yii/framework/web/CController.php(265): TokenController->runActionWithFilters()
#7 /var/www/MIT/gps_mit/front/yii/framework/web/CWebApplication.php(282): TokenController->run()
#8 /var/www/MIT/gps_mit/front/yii/framework/web/CWebApplication.php(141): CWebApplication->runController()
#9 /var/www/MIT/gps_mit/front/yii/framework/base/CApplication.php(180): CWebApplication->processRequest()
#10 /var/www/MIT/gps_mit/front/index.php(13): CWebApplication->run()
REQUEST_URI=/MIT/gps_mit/front/index.php?r=token/getRoute&truck_id=3
in /var/www/MIT/gps_mit/front/protected/controllers/TokenController.php (163)
in /var/www/MIT/gps_mit/front/index.php (13)
2014/06/23 12:04:47 [error] [php] Undefined variable: GET (/var/www/MIT/gps_mit/front/protected/controllers/TokenController.php:163)
Stack trace:
#0 /var/www/MIT/gps_mit/front/yii/framework/web/filters/CFilterChain.php(133): TokenController->runAction()
#1 /var/www/MIT/gps_mit/front/yii/framework/web/filters/CFilter.php(40): CFilterChain->run()
#2 /var/www/MIT/gps_mit/front/yii/framework/web/CController.php(1145): CAccessControlFilter->filter()
#3 /var/www/MIT/gps_mit/front/yii/framework/web/filters/CInlineFilter.php(58): TokenController->filterAccessControl()
#4 /var/www/MIT/gps_mit/front/yii/framework/web/filters/CFilterChain.php(130): CInlineFilter->filter()
#5 /var/www/MIT/gps_mit/front/yii/framework/web/CController.php(291): CFilterChain->run()
#6 /var/www/MIT/gps_mit/front/yii/framework/web/CController.php(265): TokenController->runActionWithFilters()
#7 /var/www/MIT/gps_mit/front/yii/framework/web/CWebApplication.php(282): TokenController->run()
#8 /var/www/MIT/gps_mit/front/yii/framework/web/CWebApplication.php(141): CWebApplication->runController()
#9 /var/www/MIT/gps_mit/front/yii/framework/base/CApplication.php(180): CWebApplication->processRequest()
#10 /var/www/MIT/gps_mit/front/index.php(13): CWebApplication->run()
REQUEST_URI=/MIT/gps_mit/front/index.php?r=token/getRoute&truck_id=3
in /var/www/MIT/gps_mit/front/protected/controllers/TokenController.php (163)
in /var/www/MIT/gps_mit/front/index.php (13)
2014/06/23 12:04:52 [error] [php] Undefined variable: GET (/var/www/MIT/gps_mit/front/protected/controllers/TokenController.php:163)
Stack trace:
#0 /var/www/MIT/gps_mit/front/yii/framework/web/filters/CFilterChain.php(133): TokenController->runAction()
#1 /var/www/MIT/gps_mit/front/yii/framework/web/filters/CFilter.php(40): CFilterChain->run()
#2 /var/www/MIT/gps_mit/front/yii/framework/web/CController.php(1145): CAccessControlFilter->filter()
#3 /var/www/MIT/gps_mit/front/yii/framework/web/filters/CInlineFilter.php(58): TokenController->filterAccessControl()
#4 /var/www/MIT/gps_mit/front/yii/framework/web/filters/CFilterChain.php(130): CInlineFilter->filter()
#5 /var/www/MIT/gps_mit/front/yii/framework/web/CController.php(291): CFilterChain->run()
#6 /var/www/MIT/gps_mit/front/yii/framework/web/CController.php(265): TokenController->runActionWithFilters()
#7 /var/www/MIT/gps_mit/front/yii/framework/web/CWebApplication.php(282): TokenController->run()
#8 /var/www/MIT/gps_mit/front/yii/framework/web/CWebApplication.php(141): CWebApplication->runController()
#9 /var/www/MIT/gps_mit/front/yii/framework/base/CApplication.php(180): CWebApplication->processRequest()
#10 /var/www/MIT/gps_mit/front/index.php(13): CWebApplication->run()
REQUEST_URI=/MIT/gps_mit/front/index.php?r=token/getRoute&truck_id=3
in /var/www/MIT/gps_mit/front/protected/controllers/TokenController.php (163)
in /var/www/MIT/gps_mit/front/index.php (13)
2014/06/23 12:05:13 [error] [php] Undefined variable: GET (/var/www/MIT/gps_mit/front/protected/controllers/TokenController.php:163)
Stack trace:
#0 /var/www/MIT/gps_mit/front/yii/framework/web/filters/CFilterChain.php(133): TokenController->runAction()
#1 /var/www/MIT/gps_mit/front/yii/framework/web/filters/CFilter.php(40): CFilterChain->run()
#2 /var/www/MIT/gps_mit/front/yii/framework/web/CController.php(1145): CAccessControlFilter->filter()
#3 /var/www/MIT/gps_mit/front/yii/framework/web/filters/CInlineFilter.php(58): TokenController->filterAccessControl()
#4 /var/www/MIT/gps_mit/front/yii/framework/web/filters/CFilterChain.php(130): CInlineFilter->filter()
#5 /var/www/MIT/gps_mit/front/yii/framework/web/CController.php(291): CFilterChain->run()
#6 /var/www/MIT/gps_mit/front/yii/framework/web/CController.php(265): TokenController->runActionWithFilters()
#7 /var/www/MIT/gps_mit/front/yii/framework/web/CWebApplication.php(282): TokenController->run()
#8 /var/www/MIT/gps_mit/front/yii/framework/web/CWebApplication.php(141): CWebApplication->runController()
#9 /var/www/MIT/gps_mit/front/yii/framework/base/CApplication.php(180): CWebApplication->processRequest()
#10 /var/www/MIT/gps_mit/front/index.php(13): CWebApplication->run()
REQUEST_URI=/MIT/gps_mit/front/index.php?r=token/getRoute&truck_id=3
in /var/www/MIT/gps_mit/front/protected/controllers/TokenController.php (163)
in /var/www/MIT/gps_mit/front/index.php (13)
2014/06/23 12:05:37 [error] [php] Undefined variable: GET (/var/www/MIT/gps_mit/front/protected/controllers/TokenController.php:163)
Stack trace:
#0 /var/www/MIT/gps_mit/front/yii/framework/web/filters/CFilterChain.php(133): TokenController->runAction()
#1 /var/www/MIT/gps_mit/front/yii/framework/web/filters/CFilter.php(40): CFilterChain->run()
#2 /var/www/MIT/gps_mit/front/yii/framework/web/CController.php(1145): CAccessControlFilter->filter()
#3 /var/www/MIT/gps_mit/front/yii/framework/web/filters/CInlineFilter.php(58): TokenController->filterAccessControl()
#4 /var/www/MIT/gps_mit/front/yii/framework/web/filters/CFilterChain.php(130): CInlineFilter->filter()
#5 /var/www/MIT/gps_mit/front/yii/framework/web/CController.php(291): CFilterChain->run()
#6 /var/www/MIT/gps_mit/front/yii/framework/web/CController.php(265): TokenController->runActionWithFilters()
#7 /var/www/MIT/gps_mit/front/yii/framework/web/CWebApplication.php(282): TokenController->run()
#8 /var/www/MIT/gps_mit/front/yii/framework/web/CWebApplication.php(141): CWebApplication->runController()
#9 /var/www/MIT/gps_mit/front/yii/framework/base/CApplication.php(180): CWebApplication->processRequest()
#10 /var/www/MIT/gps_mit/front/index.php(13): CWebApplication->run()
REQUEST_URI=/MIT/gps_mit/front/index.php?r=token/getRoute&truck_id=3
in /var/www/MIT/gps_mit/front/protected/controllers/TokenController.php (163)
in /var/www/MIT/gps_mit/front/index.php (13)
2014/06/23 12:05:40 [error] [php] Undefined variable: GET (/var/www/MIT/gps_mit/front/protected/controllers/TokenController.php:163)
Stack trace:
#0 /var/www/MIT/gps_mit/front/yii/framework/web/filters/CFilterChain.php(133): TokenController->runAction()
#1 /var/www/MIT/gps_mit/front/yii/framework/web/filters/CFilter.php(40): CFilterChain->run()
#2 /var/www/MIT/gps_mit/front/yii/framework/web/CController.php(1145): CAccessControlFilter->filter()
#3 /var/www/MIT/gps_mit/front/yii/framework/web/filters/CInlineFilter.php(58): TokenController->filterAccessControl()
#4 /var/www/MIT/gps_mit/front/yii/framework/web/filters/CFilterChain.php(130): CInlineFilter->filter()
#5 /var/www/MIT/gps_mit/front/yii/framework/web/CController.php(291): CFilterChain->run()
#6 /var/www/MIT/gps_mit/front/yii/framework/web/CController.php(265): TokenController->runActionWithFilters()
#7 /var/www/MIT/gps_mit/front/yii/framework/web/CWebApplication.php(282): TokenController->run()
#8 /var/www/MIT/gps_mit/front/yii/framework/web/CWebApplication.php(141): CWebApplication->runController()
#9 /var/www/MIT/gps_mit/front/yii/framework/base/CApplication.php(180): CWebApplication->processRequest()
#10 /var/www/MIT/gps_mit/front/index.php(13): CWebApplication->run()
REQUEST_URI=/MIT/gps_mit/front/index.php?r=token/getRoute&truck_id=3
in /var/www/MIT/gps_mit/front/protected/controllers/TokenController.php (163)
in /var/www/MIT/gps_mit/front/index.php (13)
2014/06/23 13:31:27 [error] [php] Undefined index: start_date (/var/www/MIT/gps_mit/front/protected/controllers/TokenController.php:167)
Stack trace:
#0 /var/www/MIT/gps_mit/front/yii/framework/web/filters/CFilterChain.php(133): TokenController->runAction()
#1 /var/www/MIT/gps_mit/front/yii/framework/web/filters/CFilter.php(40): CFilterChain->run()
#2 /var/www/MIT/gps_mit/front/yii/framework/web/CController.php(1145): CAccessControlFilter->filter()
#3 /var/www/MIT/gps_mit/front/yii/framework/web/filters/CInlineFilter.php(58): TokenController->filterAccessControl()
#4 /var/www/MIT/gps_mit/front/yii/framework/web/filters/CFilterChain.php(130): CInlineFilter->filter()
#5 /var/www/MIT/gps_mit/front/yii/framework/web/CController.php(291): CFilterChain->run()
#6 /var/www/MIT/gps_mit/front/yii/framework/web/CController.php(265): TokenController->runActionWithFilters()
#7 /var/www/MIT/gps_mit/front/yii/framework/web/CWebApplication.php(282): TokenController->run()
#8 /var/www/MIT/gps_mit/front/yii/framework/web/CWebApplication.php(141): CWebApplication->runController()
#9 /var/www/MIT/gps_mit/front/yii/framework/base/CApplication.php(180): CWebApplication->processRequest()
#10 /var/www/MIT/gps_mit/front/index.php(13): CWebApplication->run()
REQUEST_URI=/MIT/gps_mit/front/index.php?r=token/getRoute&truck_id=695start_date=2013-08-13end_date=2013-08-14
in /var/www/MIT/gps_mit/front/protected/controllers/TokenController.php (167)
in /var/www/MIT/gps_mit/front/index.php (13)
2014/06/24 14:03:41 [error] [exception.CException] exception 'CException' with message 'Property "Sample.minDate" is not defined.' in /var/www/MIT/gps_mit/front/yii/framework/base/CComponent.php:130
Stack trace:
#0 /var/www/MIT/gps_mit/front/yii/framework/db/ar/CActiveRecord.php(145): CComponent->__get('minDate')
#1 /var/www/MIT/gps_mit/front/protected/controllers/TokenController.php(212): CActiveRecord->__get('minDate')
#2 /var/www/MIT/gps_mit/front/yii/framework/web/actions/CInlineAction.php(49): TokenController->actionIndex()
#3 /var/www/MIT/gps_mit/front/yii/framework/web/CController.php(308): CInlineAction->runWithParams(Array)
#4 /var/www/MIT/gps_mit/front/yii/framework/web/filters/CFilterChain.php(133): CController->runAction(Object(CInlineAction))
#5 /var/www/MIT/gps_mit/front/yii/framework/web/filters/CFilter.php(40): CFilterChain->run()
#6 /var/www/MIT/gps_mit/front/yii/framework/web/CController.php(1145): CFilter->filter(Object(CFilterChain))
#7 /var/www/MIT/gps_mit/front/yii/framework/web/filters/CInlineFilter.php(58): CController->filterAccessControl(Object(CFilterChain))
#8 /var/www/MIT/gps_mit/front/yii/framework/web/filters/CFilterChain.php(130): CInlineFilter->filter(Object(CFilterChain))
#9 /var/www/MIT/gps_mit/front/yii/framework/web/CController.php(291): CFilterChain->run()
#10 /var/www/MIT/gps_mit/front/yii/framework/web/CController.php(265): CController->runActionWithFilters(Object(CInlineAction), Array)
#11 /var/www/MIT/gps_mit/front/yii/framework/web/CWebApplication.php(282): CController->run('index')
#12 /var/www/MIT/gps_mit/front/yii/framework/web/CWebApplication.php(141): CWebApplication->runController('token/index')
#13 /var/www/MIT/gps_mit/front/yii/framework/base/CApplication.php(180): CWebApplication->processRequest()
#14 /var/www/MIT/gps_mit/front/index.php(13): CApplication->run()
#15 {main}
REQUEST_URI=/MIT/gps_mit/front/index.php?r=token/index
HTTP_REFERER=http://localhost/MIT/gps_mit/front/
---
2014/06/24 14:04:45 [error] [exception.CException] exception 'CException' with message 'Property "Sample.minDate" is not defined.' in /var/www/MIT/gps_mit/front/yii/framework/base/CComponent.php:130
Stack trace:
#0 /var/www/MIT/gps_mit/front/yii/framework/db/ar/CActiveRecord.php(145): CComponent->__get('minDate')
#1 /var/www/MIT/gps_mit/front/protected/controllers/TokenController.php(212): CActiveRecord->__get('minDate')
#2 /var/www/MIT/gps_mit/front/yii/framework/web/actions/CInlineAction.php(49): TokenController->actionIndex()
#3 /var/www/MIT/gps_mit/front/yii/framework/web/CController.php(308): CInlineAction->runWithParams(Array)
#4 /var/www/MIT/gps_mit/front/yii/framework/web/filters/CFilterChain.php(133): CController->runAction(Object(CInlineAction))
#5 /var/www/MIT/gps_mit/front/yii/framework/web/filters/CFilter.php(40): CFilterChain->run()
#6 /var/www/MIT/gps_mit/front/yii/framework/web/CController.php(1145): CFilter->filter(Object(CFilterChain))
#7 /var/www/MIT/gps_mit/front/yii/framework/web/filters/CInlineFilter.php(58): CController->filterAccessControl(Object(CFilterChain))
#8 /var/www/MIT/gps_mit/front/yii/framework/web/filters/CFilterChain.php(130): CInlineFilter->filter(Object(CFilterChain))
#9 /var/www/MIT/gps_mit/front/yii/framework/web/CController.php(291): CFilterChain->run()
#10 /var/www/MIT/gps_mit/front/yii/framework/web/CController.php(265): CController->runActionWithFilters(Object(CInlineAction), Array)
#11 /var/www/MIT/gps_mit/front/yii/framework/web/CWebApplication.php(282): CController->run('index')
#12 /var/www/MIT/gps_mit/front/yii/framework/web/CWebApplication.php(141): CWebApplication->runController('token/index')
#13 /var/www/MIT/gps_mit/front/yii/framework/base/CApplication.php(180): CWebApplication->processRequest()
#14 /var/www/MIT/gps_mit/front/index.php(13): CApplication->run()
#15 {main}
REQUEST_URI=/MIT/gps_mit/front/index.php?r=token/index
HTTP_REFERER=http://localhost/MIT/gps_mit/front/
---
2014/06/24 14:26:14 [error] [exception.CException] exception 'CException' with message 'Property "Sample.active_day" is not defined.' in /var/www/MIT/gps_mit/front/yii/framework/base/CComponent.php:130
Stack trace:
#0 /var/www/MIT/gps_mit/front/yii/framework/db/ar/CActiveRecord.php(145): CComponent->__get('active_day')
#1 /var/www/MIT/gps_mit/front/protected/controllers/TokenController.php(231): CActiveRecord->__get('active_day')
#2 /var/www/MIT/gps_mit/front/yii/framework/web/actions/CInlineAction.php(49): TokenController->actionIndex()
#3 /var/www/MIT/gps_mit/front/yii/framework/web/CController.php(308): CInlineAction->runWithParams(Array)
#4 /var/www/MIT/gps_mit/front/yii/framework/web/filters/CFilterChain.php(133): CController->runAction(Object(CInlineAction))
#5 /var/www/MIT/gps_mit/front/yii/framework/web/filters/CFilter.php(40): CFilterChain->run()
#6 /var/www/MIT/gps_mit/front/yii/framework/web/CController.php(1145): CFilter->filter(Object(CFilterChain))
#7 /var/www/MIT/gps_mit/front/yii/framework/web/filters/CInlineFilter.php(58): CController->filterAccessControl(Object(CFilterChain))
#8 /var/www/MIT/gps_mit/front/yii/framework/web/filters/CFilterChain.php(130): CInlineFilter->filter(Object(CFilterChain))
#9 /var/www/MIT/gps_mit/front/yii/framework/web/CController.php(291): CFilterChain->run()
#10 /var/www/MIT/gps_mit/front/yii/framework/web/CController.php(265): CController->runActionWithFilters(Object(CInlineAction), Array)
#11 /var/www/MIT/gps_mit/front/yii/framework/web/CWebApplication.php(282): CController->run('index')
#12 /var/www/MIT/gps_mit/front/yii/framework/web/CWebApplication.php(141): CWebApplication->runController('token/index')
#13 /var/www/MIT/gps_mit/front/yii/framework/base/CApplication.php(180): CWebApplication->processRequest()
#14 /var/www/MIT/gps_mit/front/index.php(13): CApplication->run()
#15 {main}
REQUEST_URI=/MIT/gps_mit/front/index.php?r=token/index
HTTP_REFERER=http://localhost/MIT/gps_mit/front/
---
2014/06/24 14:26:36 [error] [exception.CException] exception 'CException' with message 'Property "Sample.active_day" is not defined.' in /var/www/MIT/gps_mit/front/yii/framework/base/CComponent.php:130
Stack trace:
#0 /var/www/MIT/gps_mit/front/yii/framework/db/ar/CActiveRecord.php(145): CComponent->__get('active_day')
#1 /var/www/MIT/gps_mit/front/protected/controllers/TokenController.php(231): CActiveRecord->__get('active_day')
#2 /var/www/MIT/gps_mit/front/yii/framework/web/actions/CInlineAction.php(49): TokenController->actionIndex()
#3 /var/www/MIT/gps_mit/front/yii/framework/web/CController.php(308): CInlineAction->runWithParams(Array)
#4 /var/www/MIT/gps_mit/front/yii/framework/web/filters/CFilterChain.php(133): CController->runAction(Object(CInlineAction))
#5 /var/www/MIT/gps_mit/front/yii/framework/web/filters/CFilter.php(40): CFilterChain->run()
#6 /var/www/MIT/gps_mit/front/yii/framework/web/CController.php(1145): CFilter->filter(Object(CFilterChain))
#7 /var/www/MIT/gps_mit/front/yii/framework/web/filters/CInlineFilter.php(58): CController->filterAccessControl(Object(CFilterChain))
#8 /var/www/MIT/gps_mit/front/yii/framework/web/filters/CFilterChain.php(130): CInlineFilter->filter(Object(CFilterChain))
#9 /var/www/MIT/gps_mit/front/yii/framework/web/CController.php(291): CFilterChain->run()
#10 /var/www/MIT/gps_mit/front/yii/framework/web/CController.php(265): CController->runActionWithFilters(Object(CInlineAction), Array)
#11 /var/www/MIT/gps_mit/front/yii/framework/web/CWebApplication.php(282): CController->run('index')
#12 /var/www/MIT/gps_mit/front/yii/framework/web/CWebApplication.php(141): CWebApplication->runController('token/index')
#13 /var/www/MIT/gps_mit/front/yii/framework/base/CApplication.php(180): CWebApplication->processRequest()
#14 /var/www/MIT/gps_mit/front/index.php(13): CApplication->run()
#15 {main}
REQUEST_URI=/MIT/gps_mit/front/index.php?r=token/index
HTTP_REFERER=http://localhost/MIT/gps_mit/front/
---
2014/06/24 14:42:32 [error] [system.db.CDbCommand] CDbCommand::fetchAll() failed: SQLSTATE[42P10]: Invalid column reference: 7 ERROR:  for SELECT DISTINCT, ORDER BY expressions must appear in select list
LINE 1: ...atetime) as active_day FROM "sample" "t" ORDER BY datetime A...
                                                             ^. The SQL statement executed was: SELECT distinct DATE(datetime) as active_day FROM "sample" "t" ORDER BY datetime ASC.
in /var/www/MIT/gps_mit/front/protected/controllers/TokenController.php (238)
in /var/www/MIT/gps_mit/front/index.php (13)
2014/06/24 14:42:32 [error] [exception.CDbException] exception 'CDbException' with message 'CDbCommand failed to execute the SQL statement: SQLSTATE[42P10]: Invalid column reference: 7 ERROR:  for SELECT DISTINCT, ORDER BY expressions must appear in select list
LINE 1: ...atetime) as active_day FROM "sample" "t" ORDER BY datetime A...
                                                             ^. The SQL statement executed was: SELECT distinct DATE(datetime) as active_day FROM "sample" "t" ORDER BY datetime ASC' in /var/www/MIT/gps_mit/front/yii/framework/db/CDbCommand.php:543
Stack trace:
#0 /var/www/MIT/gps_mit/front/yii/framework/db/CDbCommand.php(396): CDbCommand->queryInternal('fetchAll', Array, Array)
#1 /var/www/MIT/gps_mit/front/yii/framework/db/ar/CActiveRecord.php(1351): CDbCommand->queryAll()
#2 /var/www/MIT/gps_mit/front/yii/framework/db/ar/CActiveRecord.php(1470): CActiveRecord->query(Object(CDbCriteria), true)
#3 /var/www/MIT/gps_mit/front/protected/controllers/TokenController.php(238): CActiveRecord->findAll(Object(CDbCriteria))
#4 /var/www/MIT/gps_mit/front/yii/framework/web/actions/CInlineAction.php(49): TokenController->actionIndex()
#5 /var/www/MIT/gps_mit/front/yii/framework/web/CController.php(308): CInlineAction->runWithParams(Array)
#6 /var/www/MIT/gps_mit/front/yii/framework/web/filters/CFilterChain.php(133): CController->runAction(Object(CInlineAction))
#7 /var/www/MIT/gps_mit/front/yii/framework/web/filters/CFilter.php(40): CFilterChain->run()
#8 /var/www/MIT/gps_mit/front/yii/framework/web/CController.php(1145): CFilter->filter(Object(CFilterChain))
#9 /var/www/MIT/gps_mit/front/yii/framework/web/filters/CInlineFilter.php(58): CController->filterAccessControl(Object(CFilterChain))
#10 /var/www/MIT/gps_mit/front/yii/framework/web/filters/CFilterChain.php(130): CInlineFilter->filter(Object(CFilterChain))
#11 /var/www/MIT/gps_mit/front/yii/framework/web/CController.php(291): CFilterChain->run()
#12 /var/www/MIT/gps_mit/front/yii/framework/web/CController.php(265): CController->runActionWithFilters(Object(CInlineAction), Array)
#13 /var/www/MIT/gps_mit/front/yii/framework/web/CWebApplication.php(282): CController->run('index')
#14 /var/www/MIT/gps_mit/front/yii/framework/web/CWebApplication.php(141): CWebApplication->runController('token/index')
#15 /var/www/MIT/gps_mit/front/yii/framework/base/CApplication.php(180): CWebApplication->processRequest()
#16 /var/www/MIT/gps_mit/front/index.php(13): CApplication->run()
#17 {main}
REQUEST_URI=/MIT/gps_mit/front/index.php?r=token/index
HTTP_REFERER=http://localhost/MIT/gps_mit/front/
---
2014/06/24 14:43:14 [error] [exception.Exception] exception 'Exception' with message 'DateTime::__construct(): Failed to parse time string (1373000400) at position 8 (0): Unexpected character' in /var/www/MIT/gps_mit/front/protected/controllers/TokenController.php:246
Stack trace:
#0 /var/www/MIT/gps_mit/front/protected/controllers/TokenController.php(246): DateTime->__construct('1373000400')
#1 /var/www/MIT/gps_mit/front/yii/framework/web/actions/CInlineAction.php(49): TokenController->actionIndex()
#2 /var/www/MIT/gps_mit/front/yii/framework/web/CController.php(308): CInlineAction->runWithParams(Array)
#3 /var/www/MIT/gps_mit/front/yii/framework/web/filters/CFilterChain.php(133): CController->runAction(Object(CInlineAction))
#4 /var/www/MIT/gps_mit/front/yii/framework/web/filters/CFilter.php(40): CFilterChain->run()
#5 /var/www/MIT/gps_mit/front/yii/framework/web/CController.php(1145): CFilter->filter(Object(CFilterChain))
#6 /var/www/MIT/gps_mit/front/yii/framework/web/filters/CInlineFilter.php(58): CController->filterAccessControl(Object(CFilterChain))
#7 /var/www/MIT/gps_mit/front/yii/framework/web/filters/CFilterChain.php(130): CInlineFilter->filter(Object(CFilterChain))
#8 /var/www/MIT/gps_mit/front/yii/framework/web/CController.php(291): CFilterChain->run()
#9 /var/www/MIT/gps_mit/front/yii/framework/web/CController.php(265): CController->runActionWithFilters(Object(CInlineAction), Array)
#10 /var/www/MIT/gps_mit/front/yii/framework/web/CWebApplication.php(282): CController->run('index')
#11 /var/www/MIT/gps_mit/front/yii/framework/web/CWebApplication.php(141): CWebApplication->runController('token/index')
#12 /var/www/MIT/gps_mit/front/yii/framework/base/CApplication.php(180): CWebApplication->processRequest()
#13 /var/www/MIT/gps_mit/front/index.php(13): CApplication->run()
#14 {main}
REQUEST_URI=/MIT/gps_mit/front/index.php?r=token/index
HTTP_REFERER=http://localhost/MIT/gps_mit/front/
---
2014/06/24 14:45:08 [error] [exception.Exception] exception 'Exception' with message 'DateTime::__construct(): Failed to parse time string (1373000400) at position 8 (0): Unexpected character' in /var/www/MIT/gps_mit/front/protected/controllers/TokenController.php:247
Stack trace:
#0 /var/www/MIT/gps_mit/front/protected/controllers/TokenController.php(247): DateTime->__construct('1373000400')
#1 /var/www/MIT/gps_mit/front/yii/framework/web/actions/CInlineAction.php(49): TokenController->actionIndex()
#2 /var/www/MIT/gps_mit/front/yii/framework/web/CController.php(308): CInlineAction->runWithParams(Array)
#3 /var/www/MIT/gps_mit/front/yii/framework/web/filters/CFilterChain.php(133): CController->runAction(Object(CInlineAction))
#4 /var/www/MIT/gps_mit/front/yii/framework/web/filters/CFilter.php(40): CFilterChain->run()
#5 /var/www/MIT/gps_mit/front/yii/framework/web/CController.php(1145): CFilter->filter(Object(CFilterChain))
#6 /var/www/MIT/gps_mit/front/yii/framework/web/filters/CInlineFilter.php(58): CController->filterAccessControl(Object(CFilterChain))
#7 /var/www/MIT/gps_mit/front/yii/framework/web/filters/CFilterChain.php(130): CInlineFilter->filter(Object(CFilterChain))
#8 /var/www/MIT/gps_mit/front/yii/framework/web/CController.php(291): CFilterChain->run()
#9 /var/www/MIT/gps_mit/front/yii/framework/web/CController.php(265): CController->runActionWithFilters(Object(CInlineAction), Array)
#10 /var/www/MIT/gps_mit/front/yii/framework/web/CWebApplication.php(282): CController->run('index')
#11 /var/www/MIT/gps_mit/front/yii/framework/web/CWebApplication.php(141): CWebApplication->runController('token/index')
#12 /var/www/MIT/gps_mit/front/yii/framework/base/CApplication.php(180): CWebApplication->processRequest()
#13 /var/www/MIT/gps_mit/front/index.php(13): CApplication->run()
#14 {main}
REQUEST_URI=/MIT/gps_mit/front/index.php?r=token/index
HTTP_REFERER=http://localhost/MIT/gps_mit/front/
---
2014/06/24 14:45:37 [error] [exception.Exception] exception 'Exception' with message 'DateTime::__construct(): Failed to parse time string (1373000400) at position 8 (0): Unexpected character' in /var/www/MIT/gps_mit/front/protected/controllers/TokenController.php:247
Stack trace:
#0 /var/www/MIT/gps_mit/front/protected/controllers/TokenController.php(247): DateTime->__construct('1373000400')
#1 /var/www/MIT/gps_mit/front/yii/framework/web/actions/CInlineAction.php(49): TokenController->actionIndex()
#2 /var/www/MIT/gps_mit/front/yii/framework/web/CController.php(308): CInlineAction->runWithParams(Array)
#3 /var/www/MIT/gps_mit/front/yii/framework/web/filters/CFilterChain.php(133): CController->runAction(Object(CInlineAction))
#4 /var/www/MIT/gps_mit/front/yii/framework/web/filters/CFilter.php(40): CFilterChain->run()
#5 /var/www/MIT/gps_mit/front/yii/framework/web/CController.php(1145): CFilter->filter(Object(CFilterChain))
#6 /var/www/MIT/gps_mit/front/yii/framework/web/filters/CInlineFilter.php(58): CController->filterAccessControl(Object(CFilterChain))
#7 /var/www/MIT/gps_mit/front/yii/framework/web/filters/CFilterChain.php(130): CInlineFilter->filter(Object(CFilterChain))
#8 /var/www/MIT/gps_mit/front/yii/framework/web/CController.php(291): CFilterChain->run()
#9 /var/www/MIT/gps_mit/front/yii/framework/web/CController.php(265): CController->runActionWithFilters(Object(CInlineAction), Array)
#10 /var/www/MIT/gps_mit/front/yii/framework/web/CWebApplication.php(282): CController->run('index')
#11 /var/www/MIT/gps_mit/front/yii/framework/web/CWebApplication.php(141): CWebApplication->runController('token/index')
#12 /var/www/MIT/gps_mit/front/yii/framework/base/CApplication.php(180): CWebApplication->processRequest()
#13 /var/www/MIT/gps_mit/front/index.php(13): CApplication->run()
#14 {main}
REQUEST_URI=/MIT/gps_mit/front/index.php?r=token/index
HTTP_REFERER=http://localhost/MIT/gps_mit/front/
---
2014/06/24 14:51:42 [error] [system.db.CDbCommand] CDbCommand::fetchAll() failed: SQLSTATE[42601]: Syntax error: 7 ERROR:  syntax error at or near "ORDER"
LINE 1: SELECT * FROM "sample" "t" WHERE truck_id =  ORDER BY dateti...
                                                     ^. The SQL statement executed was: SELECT * FROM "sample" "t" WHERE truck_id =  ORDER BY datetime ASC.
in /var/www/MIT/gps_mit/front/protected/controllers/TokenController.php (168)
in /var/www/MIT/gps_mit/front/index.php (13)
2014/06/24 14:51:42 [error] [exception.CDbException] exception 'CDbException' with message 'CDbCommand failed to execute the SQL statement: SQLSTATE[42601]: Syntax error: 7 ERROR:  syntax error at or near "ORDER"
LINE 1: SELECT * FROM "sample" "t" WHERE truck_id =  ORDER BY dateti...
                                                     ^. The SQL statement executed was: SELECT * FROM "sample" "t" WHERE truck_id =  ORDER BY datetime ASC' in /var/www/MIT/gps_mit/front/yii/framework/db/CDbCommand.php:543
Stack trace:
#0 /var/www/MIT/gps_mit/front/yii/framework/db/CDbCommand.php(396): CDbCommand->queryInternal('fetchAll', Array, Array)
#1 /var/www/MIT/gps_mit/front/yii/framework/db/ar/CActiveRecord.php(1351): CDbCommand->queryAll()
#2 /var/www/MIT/gps_mit/front/yii/framework/db/ar/CActiveRecord.php(1470): CActiveRecord->query(Object(CDbCriteria), true)
#3 /var/www/MIT/gps_mit/front/protected/controllers/TokenController.php(168): CActiveRecord->findAll(Object(CDbCriteria))
#4 /var/www/MIT/gps_mit/front/yii/framework/web/actions/CInlineAction.php(49): TokenController->actionGetRoute()
#5 /var/www/MIT/gps_mit/front/yii/framework/web/CController.php(308): CInlineAction->runWithParams(Array)
#6 /var/www/MIT/gps_mit/front/yii/framework/web/filters/CFilterChain.php(133): CController->runAction(Object(CInlineAction))
#7 /var/www/MIT/gps_mit/front/yii/framework/web/filters/CFilter.php(40): CFilterChain->run()
#8 /var/www/MIT/gps_mit/front/yii/framework/web/CController.php(1145): CFilter->filter(Object(CFilterChain))
#9 /var/www/MIT/gps_mit/front/yii/framework/web/filters/CInlineFilter.php(58): CController->filterAccessControl(Object(CFilterChain))
#10 /var/www/MIT/gps_mit/front/yii/framework/web/filters/CFilterChain.php(130): CInlineFilter->filter(Object(CFilterChain))
#11 /var/www/MIT/gps_mit/front/yii/framework/web/CController.php(291): CFilterChain->run()
#12 /var/www/MIT/gps_mit/front/yii/framework/web/CController.php(265): CController->runActionWithFilters(Object(CInlineAction), Array)
#13 /var/www/MIT/gps_mit/front/yii/framework/web/CWebApplication.php(282): CController->run('getRoute')
#14 /var/www/MIT/gps_mit/front/yii/framework/web/CWebApplication.php(141): CWebApplication->runController('token/getRoute')
#15 /var/www/MIT/gps_mit/front/yii/framework/base/CApplication.php(180): CWebApplication->processRequest()
#16 /var/www/MIT/gps_mit/front/index.php(13): CApplication->run()
#17 {main}
REQUEST_URI=/MIT/gps_mit/front/index.php?r=token/getRoute&truck_id=&start_date=&end_date=
HTTP_REFERER=http://localhost/MIT/gps_mit/front/index.php?r=token/index
---
2014/06/24 15:19:34 [error] [php] Undefined variable: new_date (/var/www/MIT/gps_mit/front/protected/controllers/TokenController.php:246)
Stack trace:
#0 /var/www/MIT/gps_mit/front/yii/framework/web/filters/CFilterChain.php(133): TokenController->runAction()
#1 /var/www/MIT/gps_mit/front/yii/framework/web/filters/CFilter.php(40): CFilterChain->run()
#2 /var/www/MIT/gps_mit/front/yii/framework/web/CController.php(1145): CAccessControlFilter->filter()
#3 /var/www/MIT/gps_mit/front/yii/framework/web/filters/CInlineFilter.php(58): TokenController->filterAccessControl()
#4 /var/www/MIT/gps_mit/front/yii/framework/web/filters/CFilterChain.php(130): CInlineFilter->filter()
#5 /var/www/MIT/gps_mit/front/yii/framework/web/CController.php(291): CFilterChain->run()
#6 /var/www/MIT/gps_mit/front/yii/framework/web/CController.php(265): TokenController->runActionWithFilters()
#7 /var/www/MIT/gps_mit/front/yii/framework/web/CWebApplication.php(282): TokenController->run()
#8 /var/www/MIT/gps_mit/front/yii/framework/web/CWebApplication.php(141): CWebApplication->runController()
#9 /var/www/MIT/gps_mit/front/yii/framework/base/CApplication.php(180): CWebApplication->processRequest()
#10 /var/www/MIT/gps_mit/front/index.php(13): CWebApplication->run()
REQUEST_URI=/MIT/gps_mit/front/index.php?r=token/index
in /var/www/MIT/gps_mit/front/protected/controllers/TokenController.php (246)
in /var/www/MIT/gps_mit/front/index.php (13)
2014/06/24 15:24:33 [error] [php] print_r() expects at least 1 parameter, 0 given (/var/www/MIT/gps_mit/front/protected/controllers/TokenController.php:246)
Stack trace:
#0 /var/www/MIT/gps_mit/front/yii/framework/web/CController.php(308): CInlineAction->runWithParams()
#1 /var/www/MIT/gps_mit/front/yii/framework/web/filters/CFilterChain.php(133): TokenController->runAction()
#2 /var/www/MIT/gps_mit/front/yii/framework/web/filters/CFilter.php(40): CFilterChain->run()
#3 /var/www/MIT/gps_mit/front/yii/framework/web/CController.php(1145): CAccessControlFilter->filter()
#4 /var/www/MIT/gps_mit/front/yii/framework/web/filters/CInlineFilter.php(58): TokenController->filterAccessControl()
#5 /var/www/MIT/gps_mit/front/yii/framework/web/filters/CFilterChain.php(130): CInlineFilter->filter()
#6 /var/www/MIT/gps_mit/front/yii/framework/web/CController.php(291): CFilterChain->run()
#7 /var/www/MIT/gps_mit/front/yii/framework/web/CController.php(265): TokenController->runActionWithFilters()
#8 /var/www/MIT/gps_mit/front/yii/framework/web/CWebApplication.php(282): TokenController->run()
#9 /var/www/MIT/gps_mit/front/yii/framework/web/CWebApplication.php(141): CWebApplication->runController()
#10 /var/www/MIT/gps_mit/front/yii/framework/base/CApplication.php(180): CWebApplication->processRequest()
#11 /var/www/MIT/gps_mit/front/index.php(13): CWebApplication->run()
REQUEST_URI=/MIT/gps_mit/front/index.php?r=token/index
in /var/www/MIT/gps_mit/front/protected/controllers/TokenController.php (246)
in /var/www/MIT/gps_mit/front/index.php (13)
2014/06/24 15:24:55 [error] [php] Undefined variable: old_dat (/var/www/MIT/gps_mit/front/protected/controllers/TokenController.php:251)
Stack trace:
#0 /var/www/MIT/gps_mit/front/yii/framework/web/filters/CFilterChain.php(133): TokenController->runAction()
#1 /var/www/MIT/gps_mit/front/yii/framework/web/filters/CFilter.php(40): CFilterChain->run()
#2 /var/www/MIT/gps_mit/front/yii/framework/web/CController.php(1145): CAccessControlFilter->filter()
#3 /var/www/MIT/gps_mit/front/yii/framework/web/filters/CInlineFilter.php(58): TokenController->filterAccessControl()
#4 /var/www/MIT/gps_mit/front/yii/framework/web/filters/CFilterChain.php(130): CInlineFilter->filter()
#5 /var/www/MIT/gps_mit/front/yii/framework/web/CController.php(291): CFilterChain->run()
#6 /var/www/MIT/gps_mit/front/yii/framework/web/CController.php(265): TokenController->runActionWithFilters()
#7 /var/www/MIT/gps_mit/front/yii/framework/web/CWebApplication.php(282): TokenController->run()
#8 /var/www/MIT/gps_mit/front/yii/framework/web/CWebApplication.php(141): CWebApplication->runController()
#9 /var/www/MIT/gps_mit/front/yii/framework/base/CApplication.php(180): CWebApplication->processRequest()
#10 /var/www/MIT/gps_mit/front/index.php(13): CWebApplication->run()
REQUEST_URI=/MIT/gps_mit/front/index.php?r=token/index
in /var/www/MIT/gps_mit/front/protected/controllers/TokenController.php (251)
in /var/www/MIT/gps_mit/front/index.php (13)
2014/06/24 15:25:11 [error] [php] Undefined variable: old_day (/var/www/MIT/gps_mit/front/protected/controllers/TokenController.php:251)
Stack trace:
#0 /var/www/MIT/gps_mit/front/yii/framework/web/filters/CFilterChain.php(133): TokenController->runAction()
#1 /var/www/MIT/gps_mit/front/yii/framework/web/filters/CFilter.php(40): CFilterChain->run()
#2 /var/www/MIT/gps_mit/front/yii/framework/web/CController.php(1145): CAccessControlFilter->filter()
#3 /var/www/MIT/gps_mit/front/yii/framework/web/filters/CInlineFilter.php(58): TokenController->filterAccessControl()
#4 /var/www/MIT/gps_mit/front/yii/framework/web/filters/CFilterChain.php(130): CInlineFilter->filter()
#5 /var/www/MIT/gps_mit/front/yii/framework/web/CController.php(291): CFilterChain->run()
#6 /var/www/MIT/gps_mit/front/yii/framework/web/CController.php(265): TokenController->runActionWithFilters()
#7 /var/www/MIT/gps_mit/front/yii/framework/web/CWebApplication.php(282): TokenController->run()
#8 /var/www/MIT/gps_mit/front/yii/framework/web/CWebApplication.php(141): CWebApplication->runController()
#9 /var/www/MIT/gps_mit/front/yii/framework/base/CApplication.php(180): CWebApplication->processRequest()
#10 /var/www/MIT/gps_mit/front/index.php(13): CWebApplication->run()
REQUEST_URI=/MIT/gps_mit/front/index.php?r=token/index
in /var/www/MIT/gps_mit/front/protected/controllers/TokenController.php (251)
in /var/www/MIT/gps_mit/front/index.php (13)
2014/06/30 09:40:40 [error] [php] Undefined offset: 0 (/var/www/MIT/gps_mit/front/protected/controllers/SiteController.php:114)
Stack trace:
#0 /var/www/MIT/gps_mit/front/yii/framework/web/CController.php(286): SiteController->runAction()
#1 /var/www/MIT/gps_mit/front/yii/framework/web/CController.php(265): SiteController->runActionWithFilters()
#2 /var/www/MIT/gps_mit/front/yii/framework/web/CWebApplication.php(282): SiteController->run()
#3 /var/www/MIT/gps_mit/front/yii/framework/web/CWebApplication.php(141): CWebApplication->runController()
#4 /var/www/MIT/gps_mit/front/yii/framework/base/CApplication.php(180): CWebApplication->processRequest()
#5 /var/www/MIT/gps_mit/front/index.php(13): CWebApplication->run()
REQUEST_URI=/MIT/gps_mit/front/
in /var/www/MIT/gps_mit/front/protected/controllers/SiteController.php (114)
in /var/www/MIT/gps_mit/front/index.php (13)
2014/06/30 09:46:23 [error] [php] Undefined offset: 0 (/var/www/MIT/gps_mit/front/protected/controllers/SiteController.php:117)
Stack trace:
#0 /var/www/MIT/gps_mit/front/yii/framework/web/CController.php(286): SiteController->runAction()
#1 /var/www/MIT/gps_mit/front/yii/framework/web/CController.php(265): SiteController->runActionWithFilters()
#2 /var/www/MIT/gps_mit/front/yii/framework/web/CWebApplication.php(282): SiteController->run()
#3 /var/www/MIT/gps_mit/front/yii/framework/web/CWebApplication.php(141): CWebApplication->runController()
#4 /var/www/MIT/gps_mit/front/yii/framework/base/CApplication.php(180): CWebApplication->processRequest()
#5 /var/www/MIT/gps_mit/front/index.php(13): CWebApplication->run()
REQUEST_URI=/MIT/gps_mit/front/
in /var/www/MIT/gps_mit/front/protected/controllers/SiteController.php (117)
in /var/www/MIT/gps_mit/front/index.php (13)
2014/06/30 09:46:30 [error] [php] Undefined offset: 0 (/var/www/MIT/gps_mit/front/protected/controllers/SiteController.php:117)
Stack trace:
#0 /var/www/MIT/gps_mit/front/yii/framework/web/CController.php(286): SiteController->runAction()
#1 /var/www/MIT/gps_mit/front/yii/framework/web/CController.php(265): SiteController->runActionWithFilters()
#2 /var/www/MIT/gps_mit/front/yii/framework/web/CWebApplication.php(282): SiteController->run()
#3 /var/www/MIT/gps_mit/front/yii/framework/web/CWebApplication.php(141): CWebApplication->runController()
#4 /var/www/MIT/gps_mit/front/yii/framework/base/CApplication.php(180): CWebApplication->processRequest()
#5 /var/www/MIT/gps_mit/front/index.php(13): CWebApplication->run()
REQUEST_URI=/MIT/gps_mit/front/
in /var/www/MIT/gps_mit/front/protected/controllers/SiteController.php (117)
in /var/www/MIT/gps_mit/front/index.php (13)
2014/06/30 09:46:30 [error] [php] Undefined offset: 0 (/var/www/MIT/gps_mit/front/protected/controllers/SiteController.php:117)
Stack trace:
#0 /var/www/MIT/gps_mit/front/yii/framework/web/CController.php(286): SiteController->runAction()
#1 /var/www/MIT/gps_mit/front/yii/framework/web/CController.php(265): SiteController->runActionWithFilters()
#2 /var/www/MIT/gps_mit/front/yii/framework/web/CWebApplication.php(282): SiteController->run()
#3 /var/www/MIT/gps_mit/front/yii/framework/web/CWebApplication.php(141): CWebApplication->runController()
#4 /var/www/MIT/gps_mit/front/yii/framework/base/CApplication.php(180): CWebApplication->processRequest()
#5 /var/www/MIT/gps_mit/front/index.php(13): CWebApplication->run()
REQUEST_URI=/MIT/gps_mit/front/
in /var/www/MIT/gps_mit/front/protected/controllers/SiteController.php (117)
in /var/www/MIT/gps_mit/front/index.php (13)
2014/06/30 09:46:30 [error] [php] Undefined offset: 0 (/var/www/MIT/gps_mit/front/protected/controllers/SiteController.php:117)
Stack trace:
#0 /var/www/MIT/gps_mit/front/yii/framework/web/CController.php(286): SiteController->runAction()
#1 /var/www/MIT/gps_mit/front/yii/framework/web/CController.php(265): SiteController->runActionWithFilters()
#2 /var/www/MIT/gps_mit/front/yii/framework/web/CWebApplication.php(282): SiteController->run()
#3 /var/www/MIT/gps_mit/front/yii/framework/web/CWebApplication.php(141): CWebApplication->runController()
#4 /var/www/MIT/gps_mit/front/yii/framework/base/CApplication.php(180): CWebApplication->processRequest()
#5 /var/www/MIT/gps_mit/front/index.php(13): CWebApplication->run()
REQUEST_URI=/MIT/gps_mit/front/
in /var/www/MIT/gps_mit/front/protected/controllers/SiteController.php (117)
in /var/www/MIT/gps_mit/front/index.php (13)
2014/06/30 09:46:31 [error] [php] Undefined offset: 0 (/var/www/MIT/gps_mit/front/protected/controllers/SiteController.php:117)
Stack trace:
#0 /var/www/MIT/gps_mit/front/yii/framework/web/CController.php(286): SiteController->runAction()
#1 /var/www/MIT/gps_mit/front/yii/framework/web/CController.php(265): SiteController->runActionWithFilters()
#2 /var/www/MIT/gps_mit/front/yii/framework/web/CWebApplication.php(282): SiteController->run()
#3 /var/www/MIT/gps_mit/front/yii/framework/web/CWebApplication.php(141): CWebApplication->runController()
#4 /var/www/MIT/gps_mit/front/yii/framework/base/CApplication.php(180): CWebApplication->processRequest()
#5 /var/www/MIT/gps_mit/front/index.php(13): CWebApplication->run()
REQUEST_URI=/MIT/gps_mit/front/
in /var/www/MIT/gps_mit/front/protected/controllers/SiteController.php (117)
in /var/www/MIT/gps_mit/front/index.php (13)
2014/06/30 09:46:31 [error] [php] Undefined offset: 0 (/var/www/MIT/gps_mit/front/protected/controllers/SiteController.php:117)
Stack trace:
#0 /var/www/MIT/gps_mit/front/yii/framework/web/CController.php(286): SiteController->runAction()
#1 /var/www/MIT/gps_mit/front/yii/framework/web/CController.php(265): SiteController->runActionWithFilters()
#2 /var/www/MIT/gps_mit/front/yii/framework/web/CWebApplication.php(282): SiteController->run()
#3 /var/www/MIT/gps_mit/front/yii/framework/web/CWebApplication.php(141): CWebApplication->runController()
#4 /var/www/MIT/gps_mit/front/yii/framework/base/CApplication.php(180): CWebApplication->processRequest()
#5 /var/www/MIT/gps_mit/front/index.php(13): CWebApplication->run()
REQUEST_URI=/MIT/gps_mit/front/
in /var/www/MIT/gps_mit/front/protected/controllers/SiteController.php (117)
in /var/www/MIT/gps_mit/front/index.php (13)
